<?xml version="1.0" encoding="UTF-8"?>
<robot generator="Robot 7.4.1 (Python 3.13.5 on win32)" generated="2026-03-06T12:17:54.901254" rpa="false" schemaversion="5">
<suite id="s1" name="Robot Framework" source="C:\Users\BorbelyRoland\Documents\Robot_Framework">
<suite id="s1-s1" name="Checkout" source="C:\Users\BorbelyRoland\Documents\Robot_Framework\checkout.robot">
<test id="s1-s1-t1" name="Too long first name" line="41">
<kw name="Successful login" owner="login_keyword">
<kw name="Open Browser" owner="Selenium2Library">
<msg time="2026-03-06T12:17:55.063534" level="INFO">Opening browser 'chrome' to base url 'https://www.saucedemo.com/'.</msg>
<arg>https://www.saucedemo.com/</arg>
<arg>chrome</arg>
<doc>Opens a new browser instance to the optional ``url``.</doc>
<status status="PASS" start="2026-03-06T12:17:55.063290" elapsed="0.865081"/>
</kw>
<kw name="Maximize Browser Window" owner="Selenium2Library">
<doc>Maximizes current browser window.</doc>
<status status="PASS" start="2026-03-06T12:17:55.928585" elapsed="0.022990"/>
</kw>
<kw name="Input Text" owner="Selenium2Library">
<msg time="2026-03-06T12:17:55.952160" level="INFO">Typing text 'standard_user' into text field 'id:user-name'.</msg>
<arg>id:user-name</arg>
<arg>standard_user</arg>
<doc>Types the given ``text`` into the text field identified by ``locator``.</doc>
<status status="PASS" start="2026-03-06T12:17:55.951778" elapsed="0.068557"/>
</kw>
<kw name="Input Password" owner="Selenium2Library">
<msg time="2026-03-06T12:17:56.020838" level="INFO">Typing password into text field 'id:password'.</msg>
<msg time="2026-03-06T12:17:56.039652" level="INFO">Temporally setting log level to: NONE</msg>
<arg>id:password</arg>
<arg>secret_sauce</arg>
<doc>Types the given password into the text field identified by ``locator``.</doc>
<status status="PASS" start="2026-03-06T12:17:56.020547" elapsed="0.073241"/>
</kw>
<kw name="Click Button" owner="Selenium2Library">
<msg time="2026-03-06T12:17:56.094206" level="INFO">Clicking button 'id:login-button'.</msg>
<arg>id:login-button</arg>
<doc>Clicks the button identified by ``locator``.</doc>
<status status="PASS" start="2026-03-06T12:17:56.093957" elapsed="0.065880"/>
</kw>
<kw name="Sleep" owner="BuiltIn">
<msg time="2026-03-06T12:17:58.161019" level="INFO">Slept 2 seconds.</msg>
<arg>2s</arg>
<doc>Pauses the test executed for the given time.</doc>
<status status="PASS" start="2026-03-06T12:17:56.160136" elapsed="2.001675"/>
</kw>
<status status="PASS" start="2026-03-06T12:17:55.062657" elapsed="3.099697"/>
</kw>
<kw name="Way to Checkout">
<kw name="Click Element" owner="Selenium2Library">
<msg time="2026-03-06T12:17:58.167893" level="INFO">Clicking element 'id:add-to-cart-sauce-labs-backpack'.</msg>
<arg>id:add-to-cart-sauce-labs-backpack</arg>
<doc>Click the element identified by ``locator``.</doc>
<status status="PASS" start="2026-03-06T12:17:58.166539" elapsed="0.039851"/>
</kw>
<kw name="Click Element" owner="Selenium2Library">
<msg time="2026-03-06T12:17:58.206812" level="INFO">Clicking element 'class:shopping_cart_link'.</msg>
<arg>class:shopping_cart_link</arg>
<doc>Click the element identified by ``locator``.</doc>
<status status="PASS" start="2026-03-06T12:17:58.206568" elapsed="0.032920"/>
</kw>
<kw name="Click Element" owner="Selenium2Library">
<msg time="2026-03-06T12:17:58.239896" level="INFO">Clicking element 'id:checkout'.</msg>
<arg>id:checkout</arg>
<doc>Click the element identified by ``locator``.</doc>
<status status="PASS" start="2026-03-06T12:17:58.239667" elapsed="0.035423"/>
</kw>
<status status="PASS" start="2026-03-06T12:17:58.164468" elapsed="0.110763"/>
</kw>
<kw name="Evaluate" owner="BuiltIn">
<msg time="2026-03-06T12:17:58.275930" level="INFO">${long_name} = AAAAAAAAAAAAAAAAAAAAAAAAAAAAAAAAAAAAAAAAAAAAAAAAAAAAAAAAAAAAAAAAAAAAAAAAAAAAAAAAAAAAAAAAAAAAAAAAAAAA</msg>
<var>${long_name}</var>
<arg>"A" * 100</arg>
<doc>Evaluates the given expression in Python and returns the result.</doc>
<status status="PASS" start="2026-03-06T12:17:58.275476" elapsed="0.000602"/>
</kw>
<kw name="Input Text" owner="Selenium2Library">
<msg time="2026-03-06T12:17:58.276579" level="INFO">Typing text 'AAAAAAAAAAAAAAAAAAAAAAAAAAAAAAAAAAAAAAAAAAAAAAAAAAAAAAAAAAAAAAAAAAAAAAAAAAAAAAAAAAAAAAAAAAAAAAAAAAAA' into text field 'id:first-name'.</msg>
<arg>id:first-name</arg>
<arg>${long_name}</arg>
<doc>Types the given ``text`` into the text field identified by ``locator``.</doc>
<status status="PASS" start="2026-03-06T12:17:58.276326" elapsed="0.127256"/>
</kw>
<kw name="Input Text" owner="Selenium2Library">
<msg time="2026-03-06T12:17:58.404179" level="INFO">Typing text 'Doe' into text field 'id:last-name'.</msg>
<arg>id:last-name</arg>
<arg>Doe</arg>
<doc>Types the given ``text`` into the text field identified by ``locator``.</doc>
<status status="PASS" start="2026-03-06T12:17:58.403910" elapsed="0.039270"/>
</kw>
<kw name="Input Text" owner="Selenium2Library">
<msg time="2026-03-06T12:17:58.443719" level="INFO">Typing text '12345' into text field 'id:postal-code'.</msg>
<arg>id:postal-code</arg>
<arg>12345</arg>
<doc>Types the given ``text`` into the text field identified by ``locator``.</doc>
<status status="PASS" start="2026-03-06T12:17:58.443460" elapsed="0.042838"/>
</kw>
<kw name="Click Element" owner="Selenium2Library">
<msg time="2026-03-06T12:17:58.486844" level="INFO">Clicking element 'id:continue'.</msg>
<arg>id:continue</arg>
<doc>Click the element identified by ``locator``.</doc>
<status status="PASS" start="2026-03-06T12:17:58.486584" elapsed="0.038673"/>
</kw>
<status status="PASS" start="2026-03-06T12:17:55.060273" elapsed="3.465275"/>
</test>
<status status="PASS" start="2026-03-06T12:17:54.935941" elapsed="3.592365"/>
</suite>
<status status="PASS" start="2026-03-06T12:17:54.904683" elapsed="3.625428"/>
</suite>
<statistics>
<total>
<stat pass="1" fail="0" skip="0">All Tests</stat>
</total>
<tag>
</tag>
<suite>
<stat name="Robot Framework" id="s1" pass="1" fail="0" skip="0">Robot Framework</stat>
<stat name="Checkout" id="s1-s1" pass="1" fail="0" skip="0">Robot Framework.Checkout</stat>
</suite>
</statistics>
<errors>
</errors>
</robot>
